<?xml version="1.0" encoding="UTF-8"?>
<robot generator="Robot 7.0 (Python 3.12.1 on win32)" generated="2024-04-30T10:08:36.950713" rpa="false" schemaversion="5">
<suite id="s1" name="Add User Management" source="D:\PFE1\test2\add_user_management.robot">
<test id="s1-t1" name="loginB2C" line="8">
<kw name="login_toB2C">
<kw name="Open Browser" owner="SeleniumLibrary">
<msg time="2024-04-30T10:08:37.241821" level="INFO">Opening browser 'Chrome' to base url 'https://pumc-b2c-backoffice.asteroidea.co/login'.</msg>
<arg>${URL}</arg>
<arg>Chrome</arg>
<doc>Opens a new browser instance to the optional ``url``.</doc>
<status status="PASS" start="2024-04-30T10:08:37.241821" elapsed="4.395635"/>
</kw>
<kw name="Maximize Browser Window" owner="SeleniumLibrary">
<doc>Maximizes current browser window.</doc>
<status status="PASS" start="2024-04-30T10:08:41.637456" elapsed="0.038323"/>
</kw>
<kw name="Sleep" owner="BuiltIn">
<msg time="2024-04-30T10:08:43.676905" level="INFO">Slept 2 seconds.</msg>
<arg>2s</arg>
<doc>Pauses the test executed for the given time.</doc>
<status status="PASS" start="2024-04-30T10:08:41.676776" elapsed="2.000129"/>
</kw>
<kw name="Input Text" owner="SeleniumLibrary">
<msg time="2024-04-30T10:08:43.676905" level="INFO">Typing text 'admin' into text field '//input[contains(@name, '_username')]'.</msg>
<arg>//input[contains(@name, '_username')]</arg>
<arg>${userB2C}</arg>
<doc>Types the given ``text`` into the text field identified by ``locator``.</doc>
<status status="PASS" start="2024-04-30T10:08:43.676905" elapsed="0.145500"/>
</kw>
<kw name="Sleep" owner="BuiltIn">
<msg time="2024-04-30T10:08:45.822647" level="INFO">Slept 2 seconds.</msg>
<arg>2s</arg>
<doc>Pauses the test executed for the given time.</doc>
<status status="PASS" start="2024-04-30T10:08:43.822405" elapsed="2.000242"/>
</kw>
<kw name="Input Password" owner="SeleniumLibrary">
<msg time="2024-04-30T10:08:45.822647" level="INFO">Typing password into text field '//input[contains(@name, '_password')]'.</msg>
<msg time="2024-04-30T10:08:45.869541" level="INFO">Temporally setting log level to: NONE</msg>
<arg>//input[contains(@name, '_password')]</arg>
<arg>${passwordB2C}</arg>
<doc>Types the given password into the text field identified by ``locator``.</doc>
<status status="PASS" start="2024-04-30T10:08:45.822647" elapsed="0.119339"/>
</kw>
<kw name="Sleep" owner="BuiltIn">
<msg time="2024-04-30T10:08:47.943743" level="INFO">Slept 2 seconds.</msg>
<arg>2s</arg>
<doc>Pauses the test executed for the given time.</doc>
<status status="PASS" start="2024-04-30T10:08:45.942988" elapsed="2.000755"/>
</kw>
<kw name="Click Element" owner="SeleniumLibrary">
<msg time="2024-04-30T10:08:47.943743" level="INFO">Clicking element '//button[contains(., 'Continue')]'.</msg>
<arg>//button[contains(., 'Continue')]</arg>
<doc>Click the element identified by ``locator``.</doc>
<status status="PASS" start="2024-04-30T10:08:47.943743" elapsed="2.018986"/>
</kw>
<kw name="Sleep" owner="BuiltIn">
<msg time="2024-04-30T10:08:53.964147" level="INFO">Slept 4 seconds.</msg>
<arg>4s</arg>
<doc>Pauses the test executed for the given time.</doc>
<status status="PASS" start="2024-04-30T10:08:49.962729" elapsed="4.001418"/>
</kw>
<kw name="Click Element" owner="SeleniumLibrary">
<msg time="2024-04-30T10:08:53.964147" level="INFO">Clicking element '//span[@class='menu-title' and text()='User Management']'.</msg>
<arg>//span[@class='menu-title' and text()='User Management']</arg>
<doc>Click the element identified by ``locator``.</doc>
<status status="PASS" start="2024-04-30T10:08:53.964147" elapsed="0.105765"/>
</kw>
<kw name="Sleep" owner="BuiltIn">
<msg time="2024-04-30T10:08:58.070645" level="INFO">Slept 4 seconds.</msg>
<arg>4s</arg>
<doc>Pauses the test executed for the given time.</doc>
<status status="PASS" start="2024-04-30T10:08:54.069912" elapsed="4.000733"/>
</kw>
<kw name="Click Element" owner="SeleniumLibrary">
<msg time="2024-04-30T10:08:58.070645" level="INFO">Clicking element '//a[@class='menu-link active']/span[@class='menu-title' and text()='Users']'.</msg>
<msg time="2024-04-30T10:08:58.303374" level="INFO" html="true">&lt;/td&gt;&lt;/tr&gt;&lt;tr&gt;&lt;td colspan="3"&gt;&lt;a href="selenium-screenshot-1.png"&gt;&lt;img src="selenium-screenshot-1.png" width="800px"&gt;&lt;/a&gt;</msg>
<msg time="2024-04-30T10:08:58.303374" level="FAIL">Element with locator '//a[@class='menu-link active']/span[@class='menu-title' and text()='Users']' not found.</msg>
<arg>//a[@class='menu-link active']/span[@class='menu-title' and text()='Users']</arg>
<doc>Click the element identified by ``locator``.</doc>
<status status="FAIL" start="2024-04-30T10:08:58.070645" elapsed="0.297974">Element with locator '//a[@class='menu-link active']/span[@class='menu-title' and text()='Users']' not found.</status>
</kw>
<kw name="Sleep" owner="BuiltIn">
<arg>4s</arg>
<doc>Pauses the test executed for the given time.</doc>
<status status="NOT RUN" start="2024-04-30T10:08:58.368619" elapsed="0.000000"/>
</kw>
<status status="FAIL" start="2024-04-30T10:08:37.239717" elapsed="21.128902">Element with locator '//a[@class='menu-link active']/span[@class='menu-title' and text()='Users']' not found.</status>
</kw>
<status status="FAIL" start="2024-04-30T10:08:37.239717" elapsed="21.129882">Element with locator '//a[@class='menu-link active']/span[@class='menu-title' and text()='Users']' not found.</status>
</test>
<status status="FAIL" start="2024-04-30T10:08:36.950713" elapsed="21.420911"/>
</suite>
<statistics>
<total>
<stat pass="0" fail="1" skip="0">All Tests</stat>
</total>
<tag>
</tag>
<suite>
<stat pass="0" fail="1" skip="0" id="s1" name="Add User Management">Add User Management</stat>
</suite>
</statistics>
<errors>
</errors>
</robot>
